<?xml version="1.0" encoding="UTF-8"?>
<testsuite name="org.zoey.springboot.web.IndexControllerTest" tests="1" skipped="0" failures="0" errors="0" timestamp="2022-02-03T02:34:47" hostname="DESKTOP-1V9OR6I" time="0.949">
  <properties/>
  <testcase name="메인페이지_로딩" classname="org.zoey.springboot.web.IndexControllerTest" time="0.949"/>
  <system-out><![CDATA[11:34:26.772 [Test worker] DEBUG org.springframework.test.context.junit4.SpringJUnit4ClassRunner - SpringJUnit4ClassRunner constructor called with [class org.zoey.springboot.web.IndexControllerTest]
11:34:26.791 [Test worker] DEBUG org.springframework.test.context.BootstrapUtils - Instantiating CacheAwareContextLoaderDelegate from class [org.springframework.test.context.cache.DefaultCacheAwareContextLoaderDelegate]
11:34:26.812 [Test worker] DEBUG org.springframework.test.context.BootstrapUtils - Instantiating BootstrapContext using constructor [public org.springframework.test.context.support.DefaultBootstrapContext(java.lang.Class,org.springframework.test.context.CacheAwareContextLoaderDelegate)]
11:34:26.857 [Test worker] DEBUG org.springframework.test.context.BootstrapUtils - Instantiating TestContextBootstrapper for test class [org.zoey.springboot.web.IndexControllerTest] from class [org.springframework.boot.test.context.SpringBootTestContextBootstrapper]
11:34:26.893 [Test worker] INFO org.springframework.boot.test.context.SpringBootTestContextBootstrapper - Neither @ContextConfiguration nor @ContextHierarchy found for test class [org.zoey.springboot.web.IndexControllerTest], using SpringBootContextLoader
11:34:26.903 [Test worker] DEBUG org.springframework.test.context.support.AbstractContextLoader - Did not detect default resource location for test class [org.zoey.springboot.web.IndexControllerTest]: class path resource [org/zoey/springboot/web/IndexControllerTest-context.xml] does not exist
11:34:26.905 [Test worker] DEBUG org.springframework.test.context.support.AbstractContextLoader - Did not detect default resource location for test class [org.zoey.springboot.web.IndexControllerTest]: class path resource [org/zoey/springboot/web/IndexControllerTestContext.groovy] does not exist
11:34:26.905 [Test worker] INFO org.springframework.test.context.support.AbstractContextLoader - Could not detect default resource locations for test class [org.zoey.springboot.web.IndexControllerTest]: no resource found for suffixes {-context.xml, Context.groovy}.
11:34:26.908 [Test worker] INFO org.springframework.test.context.support.AnnotationConfigContextLoaderUtils - Could not detect default configuration classes for test class [org.zoey.springboot.web.IndexControllerTest]: IndexControllerTest does not declare any static, non-private, non-final, nested classes annotated with @Configuration.
11:34:27.019 [Test worker] DEBUG org.springframework.test.context.support.ActiveProfilesUtils - Could not find an 'annotation declaring class' for annotation type [org.springframework.test.context.ActiveProfiles] and class [org.zoey.springboot.web.IndexControllerTest]
11:34:27.280 [Test worker] DEBUG org.springframework.context.annotation.ClassPathScanningCandidateComponentProvider - Identified candidate component class: file [C:\Users\유승아\IdeaProjects\spring-example\build\classes\java\main\org\zoey\springboot\Application.class]
11:34:27.285 [Test worker] INFO org.springframework.boot.test.context.SpringBootTestContextBootstrapper - Found @SpringBootConfiguration org.zoey.springboot.Application for test class org.zoey.springboot.web.IndexControllerTest
11:34:27.600 [Test worker] DEBUG org.springframework.boot.test.context.SpringBootTestContextBootstrapper - @TestExecutionListeners is not present for class [org.zoey.springboot.web.IndexControllerTest]: using defaults.
11:34:27.602 [Test worker] INFO org.springframework.boot.test.context.SpringBootTestContextBootstrapper - Loaded default TestExecutionListener class names from location [META-INF/spring.factories]: [org.springframework.boot.test.autoconfigure.restdocs.RestDocsTestExecutionListener, org.springframework.boot.test.autoconfigure.web.client.MockRestServiceServerResetTestExecutionListener, org.springframework.boot.test.autoconfigure.web.servlet.MockMvcPrintOnlyOnFailureTestExecutionListener, org.springframework.boot.test.autoconfigure.web.servlet.WebDriverTestExecutionListener, org.springframework.boot.test.mock.mockito.MockitoTestExecutionListener, org.springframework.boot.test.mock.mockito.ResetMocksTestExecutionListener, org.springframework.test.context.web.ServletTestExecutionListener, org.springframework.test.context.support.DirtiesContextBeforeModesTestExecutionListener, org.springframework.test.context.support.DependencyInjectionTestExecutionListener, org.springframework.test.context.support.DirtiesContextTestExecutionListener, org.springframework.test.context.transaction.TransactionalTestExecutionListener, org.springframework.test.context.jdbc.SqlScriptsTestExecutionListener]
11:34:27.655 [Test worker] INFO org.springframework.boot.test.context.SpringBootTestContextBootstrapper - Using TestExecutionListeners: [org.springframework.test.context.web.ServletTestExecutionListener@abcefa0, org.springframework.test.context.support.DirtiesContextBeforeModesTestExecutionListener@4ce04444, org.springframework.boot.test.mock.mockito.MockitoTestExecutionListener@710729bb, org.springframework.boot.test.autoconfigure.SpringBootDependencyInjectionTestExecutionListener@54745843, org.springframework.test.context.support.DirtiesContextTestExecutionListener@39d86c82, org.springframework.test.context.transaction.TransactionalTestExecutionListener@7754dd99, org.springframework.test.context.jdbc.SqlScriptsTestExecutionListener@3f567839, org.springframework.boot.test.autoconfigure.restdocs.RestDocsTestExecutionListener@499699d0, org.springframework.boot.test.autoconfigure.web.client.MockRestServiceServerResetTestExecutionListener@3350401c, org.springframework.boot.test.autoconfigure.web.servlet.MockMvcPrintOnlyOnFailureTestExecutionListener@62b9fbfa, org.springframework.boot.test.autoconfigure.web.servlet.WebDriverTestExecutionListener@6e22c024, org.springframework.boot.test.mock.mockito.ResetMocksTestExecutionListener@13079c29]
11:34:27.663 [Test worker] DEBUG org.springframework.test.annotation.ProfileValueUtils - Retrieved @ProfileValueSourceConfiguration [null] for test class [org.zoey.springboot.web.IndexControllerTest]
11:34:27.665 [Test worker] DEBUG org.springframework.test.annotation.ProfileValueUtils - Retrieved ProfileValueSource type [class org.springframework.test.annotation.SystemProfileValueSource] for class [org.zoey.springboot.web.IndexControllerTest]
11:34:27.673 [Test worker] DEBUG org.springframework.test.annotation.ProfileValueUtils - Retrieved @ProfileValueSourceConfiguration [null] for test class [org.zoey.springboot.web.IndexControllerTest]
11:34:27.673 [Test worker] DEBUG org.springframework.test.annotation.ProfileValueUtils - Retrieved ProfileValueSource type [class org.springframework.test.annotation.SystemProfileValueSource] for class [org.zoey.springboot.web.IndexControllerTest]
11:34:27.675 [Test worker] DEBUG org.springframework.test.annotation.ProfileValueUtils - Retrieved @ProfileValueSourceConfiguration [null] for test class [org.zoey.springboot.web.IndexControllerTest]
11:34:27.676 [Test worker] DEBUG org.springframework.test.annotation.ProfileValueUtils - Retrieved ProfileValueSource type [class org.springframework.test.annotation.SystemProfileValueSource] for class [org.zoey.springboot.web.IndexControllerTest]
11:34:27.688 [Test worker] DEBUG org.springframework.test.context.support.AbstractDirtiesContextTestExecutionListener - Before test class: context [DefaultTestContext@6c55af4c testClass = IndexControllerTest, testInstance = [null], testMethod = [null], testException = [null], mergedContextConfiguration = [WebMergedContextConfiguration@2ec9e02e testClass = IndexControllerTest, locations = '{}', classes = '{class org.zoey.springboot.Application}', contextInitializerClasses = '[]', activeProfiles = '{}', propertySourceLocations = '{}', propertySourceProperties = '{org.springframework.boot.test.context.SpringBootTestContextBootstrapper=true, server.port=0}', contextCustomizers = set[org.springframework.boot.test.autoconfigure.properties.PropertyMappingContextCustomizer@0, org.springframework.boot.test.autoconfigure.web.servlet.WebDriverContextCustomizerFactory$Customizer@4139f40b, org.springframework.boot.test.context.filter.ExcludeFilterContextCustomizer@368ee0bb, org.springframework.boot.test.json.DuplicateJsonObjectContextCustomizerFactory$DuplicateJsonObjectContextCustomizer@73798332, org.springframework.boot.test.mock.mockito.MockitoContextCustomizer@0, org.springframework.boot.test.web.client.TestRestTemplateContextCustomizer@15e99df5], resourceBasePath = 'src/main/webapp', contextLoader = 'org.springframework.boot.test.context.SpringBootContextLoader', parent = [null]], attributes = map['org.springframework.test.context.web.ServletTestExecutionListener.activateListener' -> false]], class annotated with @DirtiesContext [false] with mode [null].
11:34:27.689 [Test worker] DEBUG org.springframework.test.annotation.ProfileValueUtils - Retrieved @ProfileValueSourceConfiguration [null] for test class [org.zoey.springboot.web.IndexControllerTest]
11:34:27.689 [Test worker] DEBUG org.springframework.test.annotation.ProfileValueUtils - Retrieved ProfileValueSource type [class org.springframework.test.annotation.SystemProfileValueSource] for class [org.zoey.springboot.web.IndexControllerTest]
11:34:27.700 [Test worker] DEBUG org.springframework.test.context.support.DependencyInjectionTestExecutionListener - Performing dependency injection for test context [[DefaultTestContext@6c55af4c testClass = IndexControllerTest, testInstance = org.zoey.springboot.web.IndexControllerTest@6a2aa1e9, testMethod = [null], testException = [null], mergedContextConfiguration = [WebMergedContextConfiguration@2ec9e02e testClass = IndexControllerTest, locations = '{}', classes = '{class org.zoey.springboot.Application}', contextInitializerClasses = '[]', activeProfiles = '{}', propertySourceLocations = '{}', propertySourceProperties = '{org.springframework.boot.test.context.SpringBootTestContextBootstrapper=true, server.port=0}', contextCustomizers = set[org.springframework.boot.test.autoconfigure.properties.PropertyMappingContextCustomizer@0, org.springframework.boot.test.autoconfigure.web.servlet.WebDriverContextCustomizerFactory$Customizer@4139f40b, org.springframework.boot.test.context.filter.ExcludeFilterContextCustomizer@368ee0bb, org.springframework.boot.test.json.DuplicateJsonObjectContextCustomizerFactory$DuplicateJsonObjectContextCustomizer@73798332, org.springframework.boot.test.mock.mockito.MockitoContextCustomizer@0, org.springframework.boot.test.web.client.TestRestTemplateContextCustomizer@15e99df5], resourceBasePath = 'src/main/webapp', contextLoader = 'org.springframework.boot.test.context.SpringBootContextLoader', parent = [null]], attributes = map['org.springframework.test.context.web.ServletTestExecutionListener.activateListener' -> false]]].
11:34:27.776 [Test worker] DEBUG org.springframework.test.context.support.TestPropertySourceUtils - Adding inlined properties to environment: {spring.jmx.enabled=false, org.springframework.boot.test.context.SpringBootTestContextBootstrapper=true, server.port=0}

  .   ____          _            __ _ _
 /\\ / ___'_ __ _ _(_)_ __  __ _ \ \ \ \
( ( )\___ | '_ | '_| | '_ \/ _` | \ \ \ \
 \\/  ___)| |_)| | | | | || (_| |  ) ) ) )
  '  |____| .__|_| |_|_| |_\__, | / / / /
 =========|_|==============|___/=/_/_/_/
 :: Spring Boot ::        (v2.1.7.RELEASE)

2022-02-03 11:34:28.666  INFO 19152 --- [    Test worker] o.z.springboot.web.IndexControllerTest   : Starting IndexControllerTest on DESKTOP-1V9OR6I with PID 19152 (started by 유승아 in C:\Users\유승아\IdeaProjects\spring-example)
2022-02-03 11:34:28.669  INFO 19152 --- [    Test worker] o.z.springboot.web.IndexControllerTest   : No active profile set, falling back to default profiles: default
2022-02-03 11:34:31.766  INFO 19152 --- [    Test worker] .s.d.r.c.RepositoryConfigurationDelegate : Bootstrapping Spring Data repositories in DEFAULT mode.
2022-02-03 11:34:32.129  INFO 19152 --- [    Test worker] .s.d.r.c.RepositoryConfigurationDelegate : Finished Spring Data repository scanning in 340ms. Found 1 repository interfaces.
2022-02-03 11:34:33.373  INFO 19152 --- [    Test worker] trationDelegate$BeanPostProcessorChecker : Bean 'org.springframework.transaction.annotation.ProxyTransactionManagementConfiguration' of type [org.springframework.transaction.annotation.ProxyTransactionManagementConfiguration$$EnhancerBySpringCGLIB$$85bf4605] is not eligible for getting processed by all BeanPostProcessors (for example: not eligible for auto-proxying)
2022-02-03 11:34:34.533  INFO 19152 --- [    Test worker] o.s.b.w.embedded.tomcat.TomcatWebServer  : Tomcat initialized with port(s): 0 (http)
2022-02-03 11:34:34.606  INFO 19152 --- [    Test worker] o.apache.catalina.core.StandardService   : Starting service [Tomcat]
2022-02-03 11:34:34.607  INFO 19152 --- [    Test worker] org.apache.catalina.core.StandardEngine  : Starting Servlet engine: [Apache Tomcat/9.0.22]
2022-02-03 11:34:35.044  INFO 19152 --- [    Test worker] o.a.c.c.C.[Tomcat].[localhost].[/]       : Initializing Spring embedded WebApplicationContext
2022-02-03 11:34:35.049  INFO 19152 --- [    Test worker] o.s.web.context.ContextLoader            : Root WebApplicationContext: initialization completed in 6275 ms
2022-02-03 11:34:35.881  INFO 19152 --- [    Test worker] com.zaxxer.hikari.HikariDataSource       : HikariPool-1 - Starting...
2022-02-03 11:34:36.336  INFO 19152 --- [    Test worker] com.zaxxer.hikari.HikariDataSource       : HikariPool-1 - Start completed.
2022-02-03 11:34:36.634  INFO 19152 --- [    Test worker] o.hibernate.jpa.internal.util.LogHelper  : HHH000204: Processing PersistenceUnitInfo [
	name: default
	...]
2022-02-03 11:34:37.205  INFO 19152 --- [    Test worker] org.hibernate.Version                    : HHH000412: Hibernate Core {5.3.10.Final}
2022-02-03 11:34:37.215  INFO 19152 --- [    Test worker] org.hibernate.cfg.Environment            : HHH000206: hibernate.properties not found
2022-02-03 11:34:38.600  INFO 19152 --- [    Test worker] o.hibernate.annotations.common.Version   : HCANN000001: Hibernate Commons Annotations {5.0.4.Final}
2022-02-03 11:34:40.052  INFO 19152 --- [    Test worker] org.hibernate.dialect.Dialect            : HHH000400: Using dialect: org.hibernate.dialect.MySQL5InnoDBDialect
Hibernate: drop table if exists posts
Hibernate: create table posts (id bigint not null auto_increment, created_date datetime, modified_date datetime, author varchar(255), content TEXT not null, title varchar(500) not null, primary key (id)) engine=InnoDB
2022-02-03 11:34:42.080  INFO 19152 --- [    Test worker] o.h.t.schema.internal.SchemaCreatorImpl  : HHH000476: Executing import script 'org.hibernate.tool.schema.internal.exec.ScriptSourceInputNonExistentImpl@3d6fe5ae'
2022-02-03 11:34:42.092  INFO 19152 --- [    Test worker] j.LocalContainerEntityManagerFactoryBean : Initialized JPA EntityManagerFactory for persistence unit 'default'
2022-02-03 11:34:45.465  INFO 19152 --- [    Test worker] o.s.s.concurrent.ThreadPoolTaskExecutor  : Initializing ExecutorService 'applicationTaskExecutor'
2022-02-03 11:34:45.680  WARN 19152 --- [    Test worker] aWebConfiguration$JpaWebMvcConfiguration : spring.jpa.open-in-view is enabled by default. Therefore, database queries may be performed during view rendering. Explicitly configure spring.jpa.open-in-view to disable this warning
2022-02-03 11:34:45.841  INFO 19152 --- [    Test worker] o.s.b.a.w.s.WelcomePageHandlerMapping    : Adding welcome page template: index
2022-02-03 11:34:47.155  INFO 19152 --- [    Test worker] o.s.b.w.embedded.tomcat.TomcatWebServer  : Tomcat started on port(s): 54036 (http) with context path ''
2022-02-03 11:34:47.160  INFO 19152 --- [    Test worker] o.z.springboot.web.IndexControllerTest   : Started IndexControllerTest in 19.379 seconds (JVM running for 24.324)
2022-02-03 11:34:47.694  INFO 19152 --- [o-auto-1-exec-1] o.a.c.c.C.[Tomcat].[localhost].[/]       : Initializing Spring DispatcherServlet 'dispatcherServlet'
2022-02-03 11:34:47.695  INFO 19152 --- [o-auto-1-exec-1] o.s.web.servlet.DispatcherServlet        : Initializing Servlet 'dispatcherServlet'
2022-02-03 11:34:47.766  INFO 19152 --- [o-auto-1-exec-1] o.s.web.servlet.DispatcherServlet        : Completed initialization in 71 ms
]]></system-out>
  <system-err><![CDATA[]]></system-err>
</testsuite>
